<?xml version="1.0" encoding="UTF-8"?>
<TestRun id="dab30b29-7836-4c2e-9595-105ded6b74c8" name="rodrigo@RODRIGOCOMPUTER 2013-05-31 11:27:49" runUser="RMMSOFTWARE\rodrigo" xmlns="http://microsoft.com/schemas/VisualStudio/TeamTest/2010">
  <TestSettings name="Local" id="41b9144d-3cf9-4ec6-9945-27c0481f82ab">
    <Description>These are default test settings for a local test run.</Description>
    <Deployment enabled="false" runDeploymentRoot="rodrigo_RODRIGOCOMPUTER 2013-05-31 11_27_49">
      <DeploymentItem filename="C:\Dados\RMMSoftware\Clientes\BioForLife\Documento integração Otis\Exemplos\UPDIntegration\packages\Moq.4.0.10827\lib\NET40\Moq.dll" />
      <DeploymentItem filename="C:\Dados\RMMSoftware\Clientes\BioForLife\Documento integração Otis\Exemplos\UPDIntegration\UPDIntegration\bin\Debug\UDPIntegration.dll" />
    </Deployment>
    <Execution>
      <TestTypeSpecific />
      <AgentRule name="Execution Agents">
      </AgentRule>
    </Execution>
  </TestSettings>
  <Times creation="2013-05-31T11:27:49.0532847-03:00" queuing="2013-05-31T11:27:49.1042876-03:00" start="2013-05-31T11:27:49.1272889-03:00" finish="2013-05-31T11:27:49.6423183-03:00" />
  <ResultSummary outcome="Completed">
    <Counters total="5" executed="5" passed="5" error="0" failed="0" timeout="0" aborted="0" inconclusive="0" passedButRunAborted="0" notRunnable="0" notExecuted="0" disconnected="0" warning="0" completed="0" inProgress="0" pending="0" />
  </ResultSummary>
  <TestDefinitions>
    <UnitTest name="testSendMessageCallSend" storage="c:\dados\rmmsoftware\clientes\bioforlife\documento integração otis\exemplos\updintegration\updintegration_unittest\bin\debug\udpintegration_unittest.dll" id="3ba8005b-d1cb-21f2-6d9d-6b7729512295">
      <Execution id="87ea4988-0a0d-4e98-9eb9-4c63021b93b5" />
      <TestMethod codeBase="C:/Dados/RMMSoftware/Clientes/BioForLife/Documento integração Otis/Exemplos/UPDIntegration/UPDIntegration_UnitTest/bin/Debug/UDPIntegration_UnitTest.DLL" adapterTypeName="Microsoft.VisualStudio.TestTools.TestTypes.Unit.UnitTestAdapter, Microsoft.VisualStudio.QualityTools.Tips.UnitTest.Adapter, Version=10.0.0.0, Culture=neutral, PublicKeyToken=b03f5f7f11d50a3a" className="UPDIntegration_UnitTest.UdpTest, UDPIntegration_UnitTest, Version=1.0.0.0, Culture=neutral, PublicKeyToken=null" name="testSendMessageCallSend" />
    </UnitTest>
    <UnitTest name="testSendMessageWithoutConnectionReturnException" storage="c:\dados\rmmsoftware\clientes\bioforlife\documento integração otis\exemplos\updintegration\updintegration_unittest\bin\debug\udpintegration_unittest.dll" id="e8bfa6bf-9df6-c082-0d90-44c01df1ef03">
      <Execution id="228203b0-9124-486a-899e-58b5eac301ea" />
      <TestMethod codeBase="C:/Dados/RMMSoftware/Clientes/BioForLife/Documento integração Otis/Exemplos/UPDIntegration/UPDIntegration_UnitTest/bin/Debug/UDPIntegration_UnitTest.DLL" adapterTypeName="Microsoft.VisualStudio.TestTools.TestTypes.Unit.UnitTestAdapter, Microsoft.VisualStudio.QualityTools.Tips.UnitTest.Adapter, Version=10.0.0.0, Culture=neutral, PublicKeyToken=b03f5f7f11d50a3a" className="UPDIntegration_UnitTest.UdpTest, UDPIntegration_UnitTest, Version=1.0.0.0, Culture=neutral, PublicKeyToken=null" name="testSendMessageWithoutConnectionReturnException" />
    </UnitTest>
    <UnitTest name="testReceiveMessageCallReturnBytes" storage="c:\dados\rmmsoftware\clientes\bioforlife\documento integração otis\exemplos\updintegration\updintegration_unittest\bin\debug\udpintegration_unittest.dll" id="6bb31540-0034-5229-f2e0-ba5b754e7e1d">
      <Execution id="fbcfdefa-426c-4411-adba-0fbca5bcbd30" />
      <TestMethod codeBase="C:/Dados/RMMSoftware/Clientes/BioForLife/Documento integração Otis/Exemplos/UPDIntegration/UPDIntegration_UnitTest/bin/Debug/UDPIntegration_UnitTest.DLL" adapterTypeName="Microsoft.VisualStudio.TestTools.TestTypes.Unit.UnitTestAdapter, Microsoft.VisualStudio.QualityTools.Tips.UnitTest.Adapter, Version=10.0.0.0, Culture=neutral, PublicKeyToken=b03f5f7f11d50a3a" className="UPDIntegration_UnitTest.UdpTest, UDPIntegration_UnitTest, Version=1.0.0.0, Culture=neutral, PublicKeyToken=null" name="testReceiveMessageCallReturnBytes" />
    </UnitTest>
    <UnitTest name="testSendShortMessageCallReturnBytesLength" storage="c:\dados\rmmsoftware\clientes\bioforlife\documento integração otis\exemplos\updintegration\updintegration_unittest\bin\debug\udpintegration_unittest.dll" id="d3cfa1a4-5233-a95a-18d9-d8e5facc29b3">
      <Execution id="fc6cd951-05d2-416d-9cf0-d12f4e711a8a" />
      <TestMethod codeBase="C:/Dados/RMMSoftware/Clientes/BioForLife/Documento integração Otis/Exemplos/UPDIntegration/UPDIntegration_UnitTest/bin/Debug/UDPIntegration_UnitTest.DLL" adapterTypeName="Microsoft.VisualStudio.TestTools.TestTypes.Unit.UnitTestAdapter, Microsoft.VisualStudio.QualityTools.Tips.UnitTest.Adapter, Version=10.0.0.0, Culture=neutral, PublicKeyToken=b03f5f7f11d50a3a" className="UPDIntegration_UnitTest.UdpTest, UDPIntegration_UnitTest, Version=1.0.0.0, Culture=neutral, PublicKeyToken=null" name="testSendShortMessageCallReturnBytesLength" />
    </UnitTest>
    <UnitTest name="testSendStringMessageCallReturnBytesLength" storage="c:\dados\rmmsoftware\clientes\bioforlife\documento integração otis\exemplos\updintegration\updintegration_unittest\bin\debug\udpintegration_unittest.dll" id="bd76b128-14d4-0881-dc05-dbdfbd9deb60">
      <Execution id="2c825ad7-20c9-486b-8ad9-4577280c67a2" />
      <TestMethod codeBase="C:/Dados/RMMSoftware/Clientes/BioForLife/Documento integração Otis/Exemplos/UPDIntegration/UPDIntegration_UnitTest/bin/Debug/UDPIntegration_UnitTest.DLL" adapterTypeName="Microsoft.VisualStudio.TestTools.TestTypes.Unit.UnitTestAdapter, Microsoft.VisualStudio.QualityTools.Tips.UnitTest.Adapter, Version=10.0.0.0, Culture=neutral, PublicKeyToken=b03f5f7f11d50a3a" className="UPDIntegration_UnitTest.UdpTest, UDPIntegration_UnitTest, Version=1.0.0.0, Culture=neutral, PublicKeyToken=null" name="testSendStringMessageCallReturnBytesLength" />
    </UnitTest>
  </TestDefinitions>
  <TestLists>
    <TestList name="Results Not in a List" id="8c84fa94-04c1-424b-9868-57a2d4851a1d" />
    <TestList name="All Loaded Results" id="19431567-8539-422a-85d7-44ee4e166bda" />
  </TestLists>
  <TestEntries>
    <TestEntry testId="3ba8005b-d1cb-21f2-6d9d-6b7729512295" executionId="87ea4988-0a0d-4e98-9eb9-4c63021b93b5" testListId="8c84fa94-04c1-424b-9868-57a2d4851a1d" />
    <TestEntry testId="6bb31540-0034-5229-f2e0-ba5b754e7e1d" executionId="fbcfdefa-426c-4411-adba-0fbca5bcbd30" testListId="8c84fa94-04c1-424b-9868-57a2d4851a1d" />
    <TestEntry testId="bd76b128-14d4-0881-dc05-dbdfbd9deb60" executionId="2c825ad7-20c9-486b-8ad9-4577280c67a2" testListId="8c84fa94-04c1-424b-9868-57a2d4851a1d" />
    <TestEntry testId="d3cfa1a4-5233-a95a-18d9-d8e5facc29b3" executionId="fc6cd951-05d2-416d-9cf0-d12f4e711a8a" testListId="8c84fa94-04c1-424b-9868-57a2d4851a1d" />
    <TestEntry testId="e8bfa6bf-9df6-c082-0d90-44c01df1ef03" executionId="228203b0-9124-486a-899e-58b5eac301ea" testListId="8c84fa94-04c1-424b-9868-57a2d4851a1d" />
  </TestEntries>
  <Results>
    <UnitTestResult executionId="87ea4988-0a0d-4e98-9eb9-4c63021b93b5" testId="3ba8005b-d1cb-21f2-6d9d-6b7729512295" testName="testSendMessageCallSend" computerName="RODRIGOCOMPUTER" duration="00:00:00.2194103" startTime="2013-05-31T11:27:49.1272889-03:00" endTime="2013-05-31T11:27:49.5793147-03:00" testType="13cdc9d9-ddb5-4fa4-a97d-d965ccfc6d4b" outcome="Passed" testListId="8c84fa94-04c1-424b-9868-57a2d4851a1d" relativeResultsDirectory="87ea4988-0a0d-4e98-9eb9-4c63021b93b5">
    </UnitTestResult>
    <UnitTestResult executionId="fbcfdefa-426c-4411-adba-0fbca5bcbd30" testId="6bb31540-0034-5229-f2e0-ba5b754e7e1d" testName="testReceiveMessageCallReturnBytes" computerName="RODRIGOCOMPUTER" duration="00:00:00.0081002" startTime="2013-05-31T11:27:49.5803148-03:00" endTime="2013-05-31T11:27:49.6013160-03:00" testType="13cdc9d9-ddb5-4fa4-a97d-d965ccfc6d4b" outcome="Passed" testListId="8c84fa94-04c1-424b-9868-57a2d4851a1d" relativeResultsDirectory="fbcfdefa-426c-4411-adba-0fbca5bcbd30">
    </UnitTestResult>
    <UnitTestResult executionId="2c825ad7-20c9-486b-8ad9-4577280c67a2" testId="bd76b128-14d4-0881-dc05-dbdfbd9deb60" testName="testSendStringMessageCallReturnBytesLength" computerName="RODRIGOCOMPUTER" duration="00:00:00.0028747" startTime="2013-05-31T11:27:49.6033161-03:00" endTime="2013-05-31T11:27:49.6103165-03:00" testType="13cdc9d9-ddb5-4fa4-a97d-d965ccfc6d4b" outcome="Passed" testListId="8c84fa94-04c1-424b-9868-57a2d4851a1d" relativeResultsDirectory="2c825ad7-20c9-486b-8ad9-4577280c67a2">
    </UnitTestResult>
    <UnitTestResult executionId="fc6cd951-05d2-416d-9cf0-d12f4e711a8a" testId="d3cfa1a4-5233-a95a-18d9-d8e5facc29b3" testName="testSendShortMessageCallReturnBytesLength" computerName="RODRIGOCOMPUTER" duration="00:00:00.0027853" startTime="2013-05-31T11:27:49.6113166-03:00" endTime="2013-05-31T11:27:49.6173169-03:00" testType="13cdc9d9-ddb5-4fa4-a97d-d965ccfc6d4b" outcome="Passed" testListId="8c84fa94-04c1-424b-9868-57a2d4851a1d" relativeResultsDirectory="fc6cd951-05d2-416d-9cf0-d12f4e711a8a">
    </UnitTestResult>
    <UnitTestResult executionId="228203b0-9124-486a-899e-58b5eac301ea" testId="e8bfa6bf-9df6-c082-0d90-44c01df1ef03" testName="testSendMessageWithoutConnectionReturnException" computerName="RODRIGOCOMPUTER" duration="00:00:00.0051297" startTime="2013-05-31T11:27:49.6213171-03:00" endTime="2013-05-31T11:27:49.6293176-03:00" testType="13cdc9d9-ddb5-4fa4-a97d-d965ccfc6d4b" outcome="Passed" testListId="8c84fa94-04c1-424b-9868-57a2d4851a1d" relativeResultsDirectory="228203b0-9124-486a-899e-58b5eac301ea">
    </UnitTestResult>
  </Results>
</TestRun>