<?xml version="1.0" encoding="UTF-8"?>
<TestRun id="1f06836d-06ef-474f-aaf4-364dca323f34" name="rodrigo@RODRIGOCOMPUTER 2013-05-24 10:58:41" runUser="RMMSOFTWARE\rodrigo" xmlns="http://microsoft.com/schemas/VisualStudio/TeamTest/2010">
  <TestSettings name="Local" id="41b9144d-3cf9-4ec6-9945-27c0481f82ab">
    <Description>These are default test settings for a local test run.</Description>
    <Deployment enabled="false" runDeploymentRoot="rodrigo_RODRIGOCOMPUTER 2013-05-24 10_58_41">
      <DeploymentItem filename="C:\Dados\RMMSoftware\Clientes\BioForLife\Documento integração Otis\Exemplos\UPDIntegration\packages\Moq.4.0.10827\lib\NET40\Moq.dll" />
      <DeploymentItem filename="C:\Dados\RMMSoftware\Clientes\BioForLife\Documento integração Otis\Exemplos\UPDIntegration\UPDIntegration\bin\Debug\UPDIntegration.dll" />
    </Deployment>
    <Execution>
      <TestTypeSpecific />
      <AgentRule name="Execution Agents">
      </AgentRule>
    </Execution>
  </TestSettings>
  <Times creation="2013-05-24T10:58:41.5785393-03:00" queuing="2013-05-24T10:58:42.9656186-03:00" start="2013-05-24T10:58:43.1306280-03:00" finish="2013-05-24T10:59:02.5987415-03:00" />
  <ResultSummary outcome="Error">
    <Counters total="1" executed="1" error="0" failed="0" timeout="0" aborted="1" inconclusive="0" passedButRunAborted="0" notRunnable="0" notExecuted="0" disconnected="0" warning="0" passed="0" completed="0" inProgress="0" pending="0" />
    <RunInfos>
      <RunInfo computerName="RODRIGOCOMPUTER" outcome="Error" timestamp="2013-05-24T10:59:02.5947413-03:00">
        <Text>Test host process exited unexpectedly.</Text>
      </RunInfo>
    </RunInfos>
  </ResultSummary>
  <TestDefinitions>
    <UnitTest name="testReceiveMessageCallReturnBytes" storage="c:\dados\rmmsoftware\clientes\bioforlife\documento integração otis\exemplos\updintegration\updintegration_unittest\bin\debug\updintegration_unittest.dll" id="6bb31540-0034-5229-f2e0-ba5b754e7e1d">
      <Execution id="e17884fd-1fb7-4b1f-b6cd-e040b1512853" />
      <TestMethod codeBase="C:/Dados/RMMSoftware/Clientes/BioForLife/Documento integração Otis/Exemplos/UPDIntegration/UPDIntegration_UnitTest/bin/Debug/UPDIntegration_UnitTest.DLL" adapterTypeName="Microsoft.VisualStudio.TestTools.TestTypes.Unit.UnitTestAdapter, Microsoft.VisualStudio.QualityTools.Tips.UnitTest.Adapter, Version=10.0.0.0, Culture=neutral, PublicKeyToken=b03f5f7f11d50a3a" className="UPDIntegration_UnitTest.UdpTest, UPDIntegration_UnitTest, Version=1.0.0.0, Culture=neutral, PublicKeyToken=null" name="testReceiveMessageCallReturnBytes" />
    </UnitTest>
  </TestDefinitions>
  <TestLists>
    <TestList name="Results Not in a List" id="8c84fa94-04c1-424b-9868-57a2d4851a1d" />
    <TestList name="All Loaded Results" id="19431567-8539-422a-85d7-44ee4e166bda" />
  </TestLists>
  <TestEntries>
    <TestEntry testId="6bb31540-0034-5229-f2e0-ba5b754e7e1d" executionId="e17884fd-1fb7-4b1f-b6cd-e040b1512853" testListId="8c84fa94-04c1-424b-9868-57a2d4851a1d" />
  </TestEntries>
  <Results>
    <UnitTestResult executionId="e17884fd-1fb7-4b1f-b6cd-e040b1512853" testId="6bb31540-0034-5229-f2e0-ba5b754e7e1d" testName="testReceiveMessageCallReturnBytes" computerName="RODRIGOCOMPUTER" duration="00:00:19.2831029" startTime="2013-05-24T10:58:43.3146386-03:00" endTime="2013-05-24T10:59:02.5977415-03:00" testType="13cdc9d9-ddb5-4fa4-a97d-d965ccfc6d4b" outcome="Aborted" testListId="8c84fa94-04c1-424b-9868-57a2d4851a1d" relativeResultsDirectory="e17884fd-1fb7-4b1f-b6cd-e040b1512853">
    </UnitTestResult>
  </Results>
</TestRun>