<?xml version="1.0" encoding="UTF-8"?>
<TestRun id="6cac17d2-fcde-422f-bd10-d405ba0b9d81" name="rodrigo@RODRIGOCOMPUTER 2013-05-24 11:03:24" runUser="RMMSOFTWARE\rodrigo" xmlns="http://microsoft.com/schemas/VisualStudio/TeamTest/2010">
  <TestSettings name="Local" id="41b9144d-3cf9-4ec6-9945-27c0481f82ab">
    <Description>These are default test settings for a local test run.</Description>
    <Deployment enabled="false" runDeploymentRoot="rodrigo_RODRIGOCOMPUTER 2013-05-24 11_03_24">
      <DeploymentItem filename="C:\Dados\RMMSoftware\Clientes\BioForLife\Documento integração Otis\Exemplos\UPDIntegration\packages\Moq.4.0.10827\lib\NET40\Moq.dll" />
      <DeploymentItem filename="C:\Dados\RMMSoftware\Clientes\BioForLife\Documento integração Otis\Exemplos\UPDIntegration\UPDIntegration\bin\Debug\UPDIntegration.dll" />
    </Deployment>
    <Execution>
      <TestTypeSpecific />
      <AgentRule name="Execution Agents">
      </AgentRule>
    </Execution>
  </TestSettings>
  <Times creation="2013-05-24T11:03:24.8637422-03:00" queuing="2013-05-24T11:03:25.0807547-03:00" start="2013-05-24T11:03:25.1187568-03:00" finish="2013-05-24T11:03:25.7477928-03:00" />
  <ResultSummary outcome="Completed">
    <Counters total="1" executed="1" passed="1" error="0" failed="0" timeout="0" aborted="0" inconclusive="0" passedButRunAborted="0" notRunnable="0" notExecuted="0" disconnected="0" warning="0" completed="0" inProgress="0" pending="0" />
  </ResultSummary>
  <TestDefinitions>
    <UnitTest name="testReceiveMessageCallReturnBytes" storage="c:\dados\rmmsoftware\clientes\bioforlife\documento integração otis\exemplos\updintegration\updintegration_unittest\bin\debug\updintegration_unittest.dll" id="6bb31540-0034-5229-f2e0-ba5b754e7e1d">
      <Execution id="6daaf51d-8fed-4b55-ba72-5b456d6477c7" />
      <TestMethod codeBase="C:/Dados/RMMSoftware/Clientes/BioForLife/Documento integração Otis/Exemplos/UPDIntegration/UPDIntegration_UnitTest/bin/Debug/UPDIntegration_UnitTest.DLL" adapterTypeName="Microsoft.VisualStudio.TestTools.TestTypes.Unit.UnitTestAdapter, Microsoft.VisualStudio.QualityTools.Tips.UnitTest.Adapter, Version=10.0.0.0, Culture=neutral, PublicKeyToken=b03f5f7f11d50a3a" className="UPDIntegration_UnitTest.UdpTest, UPDIntegration_UnitTest, Version=1.0.0.0, Culture=neutral, PublicKeyToken=null" name="testReceiveMessageCallReturnBytes" />
    </UnitTest>
  </TestDefinitions>
  <TestLists>
    <TestList name="Results Not in a List" id="8c84fa94-04c1-424b-9868-57a2d4851a1d" />
    <TestList name="All Loaded Results" id="19431567-8539-422a-85d7-44ee4e166bda" />
  </TestLists>
  <TestEntries>
    <TestEntry testId="6bb31540-0034-5229-f2e0-ba5b754e7e1d" executionId="6daaf51d-8fed-4b55-ba72-5b456d6477c7" testListId="8c84fa94-04c1-424b-9868-57a2d4851a1d" />
  </TestEntries>
  <Results>
    <UnitTestResult executionId="6daaf51d-8fed-4b55-ba72-5b456d6477c7" testId="6bb31540-0034-5229-f2e0-ba5b754e7e1d" testName="testReceiveMessageCallReturnBytes" computerName="RODRIGOCOMPUTER" duration="00:00:00.1983730" startTime="2013-05-24T11:03:25.1267573-03:00" endTime="2013-05-24T11:03:25.6667882-03:00" testType="13cdc9d9-ddb5-4fa4-a97d-d965ccfc6d4b" outcome="Passed" testListId="8c84fa94-04c1-424b-9868-57a2d4851a1d" relativeResultsDirectory="6daaf51d-8fed-4b55-ba72-5b456d6477c7">
    </UnitTestResult>
  </Results>
</TestRun>