<?xml version="1.0" encoding="UTF-8"?>
<TestRun id="68cf88c6-3b10-44d5-ba77-7c584326ad8b" name="rodrigo@RODRIGOCOMPUTER 2013-05-31 11:26:40" runUser="RMMSOFTWARE\rodrigo" xmlns="http://microsoft.com/schemas/VisualStudio/TeamTest/2010">
  <TestSettings name="Local" id="41b9144d-3cf9-4ec6-9945-27c0481f82ab">
    <Description>These are default test settings for a local test run.</Description>
    <Deployment enabled="false" runDeploymentRoot="rodrigo_RODRIGOCOMPUTER 2013-05-31 11_26_40">
      <DeploymentItem filename="C:\Dados\RMMSoftware\Clientes\BioForLife\Documento integração Otis\Exemplos\UPDIntegration\packages\Moq.4.0.10827\lib\NET40\Moq.dll" />
      <DeploymentItem filename="C:\Dados\RMMSoftware\Clientes\BioForLife\Documento integração Otis\Exemplos\UPDIntegration\UPDIntegration\bin\Debug\UDPIntegration.dll" />
    </Deployment>
    <Execution>
      <TestTypeSpecific />
      <AgentRule name="Execution Agents">
      </AgentRule>
    </Execution>
  </TestSettings>
  <Times creation="2013-05-31T11:26:40.3043524-03:00" queuing="2013-05-31T11:26:40.3913574-03:00" start="2013-05-31T11:26:40.4023580-03:00" finish="2013-05-31T11:26:40.9223878-03:00" />
  <ResultSummary outcome="Completed">
    <Counters total="4" executed="4" passed="4" error="0" failed="0" timeout="0" aborted="0" inconclusive="0" passedButRunAborted="0" notRunnable="0" notExecuted="0" disconnected="0" warning="0" completed="0" inProgress="0" pending="0" />
  </ResultSummary>
  <TestDefinitions>
    <UnitTest name="testSendMessageCallSend" storage="c:\dados\rmmsoftware\clientes\bioforlife\documento integração otis\exemplos\updintegration\updintegration_unittest\bin\debug\udpintegration_unittest.dll" id="3ba8005b-d1cb-21f2-6d9d-6b7729512295">
      <Execution id="d5076f60-af32-41fc-b7ee-b416c750f230" />
      <TestMethod codeBase="C:/Dados/RMMSoftware/Clientes/BioForLife/Documento integração Otis/Exemplos/UPDIntegration/UPDIntegration_UnitTest/bin/Debug/UDPIntegration_UnitTest.DLL" adapterTypeName="Microsoft.VisualStudio.TestTools.TestTypes.Unit.UnitTestAdapter, Microsoft.VisualStudio.QualityTools.Tips.UnitTest.Adapter, Version=10.0.0.0, Culture=neutral, PublicKeyToken=b03f5f7f11d50a3a" className="UPDIntegration_UnitTest.UdpTest, UDPIntegration_UnitTest, Version=1.0.0.0, Culture=neutral, PublicKeyToken=null" name="testSendMessageCallSend" />
    </UnitTest>
    <UnitTest name="testReceiveMessageCallReturnBytes" storage="c:\dados\rmmsoftware\clientes\bioforlife\documento integração otis\exemplos\updintegration\updintegration_unittest\bin\debug\udpintegration_unittest.dll" id="6bb31540-0034-5229-f2e0-ba5b754e7e1d">
      <Execution id="7bcd01b6-1507-4ac1-9ce0-71ba16a567ae" />
      <TestMethod codeBase="C:/Dados/RMMSoftware/Clientes/BioForLife/Documento integração Otis/Exemplos/UPDIntegration/UPDIntegration_UnitTest/bin/Debug/UDPIntegration_UnitTest.DLL" adapterTypeName="Microsoft.VisualStudio.TestTools.TestTypes.Unit.UnitTestAdapter, Microsoft.VisualStudio.QualityTools.Tips.UnitTest.Adapter, Version=10.0.0.0, Culture=neutral, PublicKeyToken=b03f5f7f11d50a3a" className="UPDIntegration_UnitTest.UdpTest, UDPIntegration_UnitTest, Version=1.0.0.0, Culture=neutral, PublicKeyToken=null" name="testReceiveMessageCallReturnBytes" />
    </UnitTest>
    <UnitTest name="testSendMessageCallReturnBytesLength" storage="c:\dados\rmmsoftware\clientes\bioforlife\documento integração otis\exemplos\updintegration\updintegration_unittest\bin\debug\udpintegration_unittest.dll" id="1a6c3c7c-bbc6-cb7f-9a1f-6f9e90cb6979">
      <Execution id="b110cb17-1c00-4fdb-a4d3-9ae97b496c1a" />
      <TestMethod codeBase="C:/Dados/RMMSoftware/Clientes/BioForLife/Documento integração Otis/Exemplos/UPDIntegration/UPDIntegration_UnitTest/bin/Debug/UDPIntegration_UnitTest.DLL" adapterTypeName="Microsoft.VisualStudio.TestTools.TestTypes.Unit.UnitTestAdapter, Microsoft.VisualStudio.QualityTools.Tips.UnitTest.Adapter, Version=10.0.0.0, Culture=neutral, PublicKeyToken=b03f5f7f11d50a3a" className="UPDIntegration_UnitTest.UdpTest, UDPIntegration_UnitTest, Version=1.0.0.0, Culture=neutral, PublicKeyToken=null" name="testSendMessageCallReturnBytesLength" />
    </UnitTest>
    <UnitTest name="testSendMessageWithoutConnectionReturnException" storage="c:\dados\rmmsoftware\clientes\bioforlife\documento integração otis\exemplos\updintegration\updintegration_unittest\bin\debug\udpintegration_unittest.dll" id="e8bfa6bf-9df6-c082-0d90-44c01df1ef03">
      <Execution id="e6303f1e-23ae-4802-a162-467e0a563ff2" />
      <TestMethod codeBase="C:/Dados/RMMSoftware/Clientes/BioForLife/Documento integração Otis/Exemplos/UPDIntegration/UPDIntegration_UnitTest/bin/Debug/UDPIntegration_UnitTest.DLL" adapterTypeName="Microsoft.VisualStudio.TestTools.TestTypes.Unit.UnitTestAdapter, Microsoft.VisualStudio.QualityTools.Tips.UnitTest.Adapter, Version=10.0.0.0, Culture=neutral, PublicKeyToken=b03f5f7f11d50a3a" className="UPDIntegration_UnitTest.UdpTest, UDPIntegration_UnitTest, Version=1.0.0.0, Culture=neutral, PublicKeyToken=null" name="testSendMessageWithoutConnectionReturnException" />
    </UnitTest>
  </TestDefinitions>
  <TestLists>
    <TestList name="Results Not in a List" id="8c84fa94-04c1-424b-9868-57a2d4851a1d" />
    <TestList name="All Loaded Results" id="19431567-8539-422a-85d7-44ee4e166bda" />
  </TestLists>
  <TestEntries>
    <TestEntry testId="1a6c3c7c-bbc6-cb7f-9a1f-6f9e90cb6979" executionId="b110cb17-1c00-4fdb-a4d3-9ae97b496c1a" testListId="8c84fa94-04c1-424b-9868-57a2d4851a1d" />
    <TestEntry testId="3ba8005b-d1cb-21f2-6d9d-6b7729512295" executionId="d5076f60-af32-41fc-b7ee-b416c750f230" testListId="8c84fa94-04c1-424b-9868-57a2d4851a1d" />
    <TestEntry testId="6bb31540-0034-5229-f2e0-ba5b754e7e1d" executionId="7bcd01b6-1507-4ac1-9ce0-71ba16a567ae" testListId="8c84fa94-04c1-424b-9868-57a2d4851a1d" />
    <TestEntry testId="e8bfa6bf-9df6-c082-0d90-44c01df1ef03" executionId="e6303f1e-23ae-4802-a162-467e0a563ff2" testListId="8c84fa94-04c1-424b-9868-57a2d4851a1d" />
  </TestEntries>
  <Results>
    <UnitTestResult executionId="b110cb17-1c00-4fdb-a4d3-9ae97b496c1a" testId="1a6c3c7c-bbc6-cb7f-9a1f-6f9e90cb6979" testName="testSendMessageCallReturnBytesLength" computerName="RODRIGOCOMPUTER" duration="00:00:00.2024368" startTime="2013-05-31T11:26:40.4043582-03:00" endTime="2013-05-31T11:26:40.8393830-03:00" testType="13cdc9d9-ddb5-4fa4-a97d-d965ccfc6d4b" outcome="Passed" testListId="8c84fa94-04c1-424b-9868-57a2d4851a1d" relativeResultsDirectory="b110cb17-1c00-4fdb-a4d3-9ae97b496c1a">
    </UnitTestResult>
    <UnitTestResult executionId="d5076f60-af32-41fc-b7ee-b416c750f230" testId="3ba8005b-d1cb-21f2-6d9d-6b7729512295" testName="testSendMessageCallSend" computerName="RODRIGOCOMPUTER" duration="00:00:00.0184008" startTime="2013-05-31T11:26:40.8423832-03:00" endTime="2013-05-31T11:26:40.8643845-03:00" testType="13cdc9d9-ddb5-4fa4-a97d-d965ccfc6d4b" outcome="Passed" testListId="8c84fa94-04c1-424b-9868-57a2d4851a1d" relativeResultsDirectory="d5076f60-af32-41fc-b7ee-b416c750f230">
    </UnitTestResult>
    <UnitTestResult executionId="7bcd01b6-1507-4ac1-9ce0-71ba16a567ae" testId="6bb31540-0034-5229-f2e0-ba5b754e7e1d" testName="testReceiveMessageCallReturnBytes" computerName="RODRIGOCOMPUTER" duration="00:00:00.0072054" startTime="2013-05-31T11:26:40.8733850-03:00" endTime="2013-05-31T11:26:40.8843856-03:00" testType="13cdc9d9-ddb5-4fa4-a97d-d965ccfc6d4b" outcome="Passed" testListId="8c84fa94-04c1-424b-9868-57a2d4851a1d" relativeResultsDirectory="7bcd01b6-1507-4ac1-9ce0-71ba16a567ae">
    </UnitTestResult>
    <UnitTestResult executionId="e6303f1e-23ae-4802-a162-467e0a563ff2" testId="e8bfa6bf-9df6-c082-0d90-44c01df1ef03" testName="testSendMessageWithoutConnectionReturnException" computerName="RODRIGOCOMPUTER" duration="00:00:00.0053880" startTime="2013-05-31T11:26:40.8863857-03:00" endTime="2013-05-31T11:26:40.8973864-03:00" testType="13cdc9d9-ddb5-4fa4-a97d-d965ccfc6d4b" outcome="Passed" testListId="8c84fa94-04c1-424b-9868-57a2d4851a1d" relativeResultsDirectory="e6303f1e-23ae-4802-a162-467e0a563ff2">
    </UnitTestResult>
  </Results>
</TestRun>