<?xml version="1.0" encoding="UTF-8"?>
<TestRun id="f32cead2-49fa-4c9f-b7bd-9fd12a5b236f" name="rodrigo@RODRIGOCOMPUTER 2013-05-24 10:26:02" runUser="RMMSOFTWARE\rodrigo" xmlns="http://microsoft.com/schemas/VisualStudio/TeamTest/2010">
  <TestSettings name="Local" id="41b9144d-3cf9-4ec6-9945-27c0481f82ab">
    <Description>These are default test settings for a local test run.</Description>
    <Deployment enabled="false" runDeploymentRoot="rodrigo_RODRIGOCOMPUTER 2013-05-24 10_26_02">
      <DeploymentItem filename="C:\Dados\RMMSoftware\Clientes\BioForLife\Documento integração Otis\Exemplos\UPDIntegration\packages\Moq.4.0.10827\lib\NET40\Moq.dll" />
      <DeploymentItem filename="C:\Dados\RMMSoftware\Clientes\BioForLife\Documento integração Otis\Exemplos\UPDIntegration\UPDIntegration\bin\Debug\UPDIntegration.dll" />
    </Deployment>
    <Execution>
      <TestTypeSpecific />
      <AgentRule name="Execution Agents">
      </AgentRule>
    </Execution>
  </TestSettings>
  <Times creation="2013-05-24T10:26:02.8215048-03:00" queuing="2013-05-24T10:26:02.8625071-03:00" start="2013-05-24T10:26:02.8775080-03:00" finish="2013-05-24T10:26:03.3705362-03:00" />
  <ResultSummary outcome="Completed">
    <Counters total="2" executed="2" passed="2" error="0" failed="0" timeout="0" aborted="0" inconclusive="0" passedButRunAborted="0" notRunnable="0" notExecuted="0" disconnected="0" warning="0" completed="0" inProgress="0" pending="0" />
  </ResultSummary>
  <TestDefinitions>
    <UnitTest name="testSendMessageCallReturnBytesLength" storage="c:\dados\rmmsoftware\clientes\bioforlife\documento integração otis\exemplos\updintegration\updintegration_unittest\bin\debug\updintegration_unittest.dll" id="1a6c3c7c-bbc6-cb7f-9a1f-6f9e90cb6979">
      <Execution id="24872431-a075-4556-ba45-2f59a2c9002b" />
      <TestMethod codeBase="C:/Dados/RMMSoftware/Clientes/BioForLife/Documento integração Otis/Exemplos/UPDIntegration/UPDIntegration_UnitTest/bin/Debug/UPDIntegration_UnitTest.DLL" adapterTypeName="Microsoft.VisualStudio.TestTools.TestTypes.Unit.UnitTestAdapter, Microsoft.VisualStudio.QualityTools.Tips.UnitTest.Adapter, Version=10.0.0.0, Culture=neutral, PublicKeyToken=b03f5f7f11d50a3a" className="UPDIntegration_UnitTest.UdpTest, UPDIntegration_UnitTest, Version=1.0.0.0, Culture=neutral, PublicKeyToken=null" name="testSendMessageCallReturnBytesLength" />
    </UnitTest>
    <UnitTest name="testSendMessageCallSend" storage="c:\dados\rmmsoftware\clientes\bioforlife\documento integração otis\exemplos\updintegration\updintegration_unittest\bin\debug\updintegration_unittest.dll" id="3ba8005b-d1cb-21f2-6d9d-6b7729512295">
      <Execution id="3715c6e3-45a2-45a9-8994-b5b99325e1bc" />
      <TestMethod codeBase="C:/Dados/RMMSoftware/Clientes/BioForLife/Documento integração Otis/Exemplos/UPDIntegration/UPDIntegration_UnitTest/bin/Debug/UPDIntegration_UnitTest.DLL" adapterTypeName="Microsoft.VisualStudio.TestTools.TestTypes.Unit.UnitTestAdapter, Microsoft.VisualStudio.QualityTools.Tips.UnitTest.Adapter, Version=10.0.0.0, Culture=neutral, PublicKeyToken=b03f5f7f11d50a3a" className="UPDIntegration_UnitTest.UdpTest, UPDIntegration_UnitTest, Version=1.0.0.0, Culture=neutral, PublicKeyToken=null" name="testSendMessageCallSend" />
    </UnitTest>
  </TestDefinitions>
  <TestLists>
    <TestList name="Results Not in a List" id="8c84fa94-04c1-424b-9868-57a2d4851a1d" />
    <TestList name="All Loaded Results" id="19431567-8539-422a-85d7-44ee4e166bda" />
  </TestLists>
  <TestEntries>
    <TestEntry testId="1a6c3c7c-bbc6-cb7f-9a1f-6f9e90cb6979" executionId="24872431-a075-4556-ba45-2f59a2c9002b" testListId="8c84fa94-04c1-424b-9868-57a2d4851a1d" />
    <TestEntry testId="3ba8005b-d1cb-21f2-6d9d-6b7729512295" executionId="3715c6e3-45a2-45a9-8994-b5b99325e1bc" testListId="8c84fa94-04c1-424b-9868-57a2d4851a1d" />
  </TestEntries>
  <Results>
    <UnitTestResult executionId="24872431-a075-4556-ba45-2f59a2c9002b" testId="1a6c3c7c-bbc6-cb7f-9a1f-6f9e90cb6979" testName="testSendMessageCallReturnBytesLength" computerName="RODRIGOCOMPUTER" duration="00:00:00.2108070" startTime="2013-05-24T10:26:02.8785080-03:00" endTime="2013-05-24T10:26:03.3345341-03:00" testType="13cdc9d9-ddb5-4fa4-a97d-d965ccfc6d4b" outcome="Passed" testListId="8c84fa94-04c1-424b-9868-57a2d4851a1d" relativeResultsDirectory="24872431-a075-4556-ba45-2f59a2c9002b">
    </UnitTestResult>
    <UnitTestResult executionId="3715c6e3-45a2-45a9-8994-b5b99325e1bc" testId="3ba8005b-d1cb-21f2-6d9d-6b7729512295" testName="testSendMessageCallSend" computerName="RODRIGOCOMPUTER" duration="00:00:00.0177626" startTime="2013-05-24T10:26:03.3365342-03:00" endTime="2013-05-24T10:26:03.3565354-03:00" testType="13cdc9d9-ddb5-4fa4-a97d-d965ccfc6d4b" outcome="Passed" testListId="8c84fa94-04c1-424b-9868-57a2d4851a1d" relativeResultsDirectory="3715c6e3-45a2-45a9-8994-b5b99325e1bc">
    </UnitTestResult>
  </Results>
</TestRun>